<?xml version="1.0" encoding="UTF-8"?>
<coverage generated="1759584076252" clover="3.2.0">
  <project timestamp="1759584076252" name="All files">
    <metrics statements="31" coveredstatements="20" conditionals="16" coveredconditionals="7" methods="8" coveredmethods="8" elements="55" coveredelements="35" complexity="0" loc="31" ncloc="31" packages="1" files="2" classes="2"/>
    <file name="algoritmLuna.js" path="C:\Users\User\Desktop\Organization-of-testing\src\main\algoritmLuna.js">
      <metrics statements="17" coveredstatements="16" conditionals="8" coveredconditionals="6" methods="7" coveredmethods="7"/>
      <line num="2" count="1" type="cond" truecount="1" falsecount="1"/>
      <line num="3" count="1" type="stmt"/>
      <line num="4" count="1" type="stmt"/>
      <line num="5" count="1" type="stmt"/>
      <line num="6" count="1" type="stmt"/>
      <line num="7" count="16" type="cond" truecount="2" falsecount="0"/>
      <line num="8" count="8" type="stmt"/>
      <line num="10" count="8" type="stmt"/>
      <line num="13" count="8" type="stmt"/>
      <line num="14" count="8" type="cond" truecount="2" falsecount="0"/>
      <line num="15" count="8" type="stmt"/>
      <line num="16" count="1" type="cond" truecount="1" falsecount="1"/>
      <line num="17" count="1" type="stmt"/>
      <line num="19" count="0" type="stmt"/>
      <line num="24" count="2" type="stmt"/>
      <line num="25" count="38" type="stmt"/>
      <line num="26" count="2" type="stmt"/>
    </file>
    <file name="checkCardNumber.js" path="C:\Users\User\Desktop\Organization-of-testing\src\main\checkCardNumber.js">
      <metrics statements="14" coveredstatements="4" conditionals="8" coveredconditionals="1" methods="1" coveredmethods="1"/>
      <line num="3" count="1" type="stmt"/>
      <line num="4" count="1" type="cond" truecount="1" falsecount="1"/>
      <line num="5" count="1" type="stmt"/>
      <line num="6" count="1" type="stmt"/>
      <line num="7" count="0" type="cond" truecount="0" falsecount="2"/>
      <line num="8" count="0" type="stmt"/>
      <line num="9" count="0" type="stmt"/>
      <line num="10" count="0" type="cond" truecount="0" falsecount="2"/>
      <line num="11" count="0" type="stmt"/>
      <line num="12" count="0" type="stmt"/>
      <line num="13" count="0" type="cond" truecount="0" falsecount="2"/>
      <line num="14" count="0" type="stmt"/>
      <line num="15" count="0" type="stmt"/>
      <line num="17" count="0" type="stmt"/>
    </file>
  </project>
</coverage>
