{"C:\\Users\\User\\Desktop\\Organization-of-testing\\src\\main\\algoritmLuna.js": {"path":"C:\\Users\\User\\Desktop\\Organization-of-testing\\src\\main\\algoritmLuna.js","statementMap":{"0":{"start":{"line":2,"column":4},"end":{"line":21,"column":5}},"1":{"start":{"line":3,"column":29},"end":{"line":3,"column":31}},"2":{"start":{"line":4,"column":24},"end":{"line":4,"column":26}},"3":{"start":{"line":5,"column":20},"end":{"line":5,"column":43}},"4":{"start":{"line":6,"column":8},"end":{"line":12,"column":9}},"5":{"start":{"line":6,"column":20},"end":{"line":6,"column":21}},"6":{"start":{"line":7,"column":12},"end":{"line":11,"column":13}},"7":{"start":{"line":8,"column":16},"end":{"line":8,"column":45}},"8":{"start":{"line":10,"column":16},"end":{"line":10,"column":40}},"9":{"start":{"line":13,"column":8},"end":{"line":13,"column":78}},"10":{"start":{"line":13,"column":57},"end":{"line":13,"column":76}},"11":{"start":{"line":14,"column":8},"end":{"line":14,"column":93}},"12":{"start":{"line":14,"column":57},"end":{"line":14,"column":92}},"13":{"start":{"line":15,"column":18},"end":{"line":15,"column":138}},"14":{"start":{"line":15,"column":58},"end":{"line":15,"column":71}},"15":{"start":{"line":15,"column":113},"end":{"line":15,"column":134}},"16":{"start":{"line":16,"column":8},"end":{"line":20,"column":9}},"17":{"start":{"line":17,"column":12},"end":{"line":17,"column":23}},"18":{"start":{"line":19,"column":12},"end":{"line":19,"column":24}},"19":{"start":{"line":24,"column":16},"end":{"line":24,"column":32}},"20":{"start":{"line":25,"column":4},"end":{"line":25,"column":55}},"21":{"start":{"line":25,"column":38},"end":{"line":25,"column":53}},"22":{"start":{"line":26,"column":4},"end":{"line":26,"column":16}}},"fnMap":{"0":{"name":"lun","decl":{"start":{"line":1,"column":16},"end":{"line":1,"column":19}},"loc":{"start":{"line":1,"column":28},"end":{"line":22,"column":1}},"line":1},"1":{"name":"(anonymous_1)","decl":{"start":{"line":13,"column":44},"end":{"line":13,"column":45}},"loc":{"start":{"line":13,"column":57},"end":{"line":13,"column":76}},"line":13},"2":{"name":"(anonymous_2)","decl":{"start":{"line":14,"column":44},"end":{"line":14,"column":45}},"loc":{"start":{"line":14,"column":57},"end":{"line":14,"column":92}},"line":14},"3":{"name":"(anonymous_3)","decl":{"start":{"line":15,"column":40},"end":{"line":15,"column":41}},"loc":{"start":{"line":15,"column":58},"end":{"line":15,"column":71}},"line":15},"4":{"name":"(anonymous_4)","decl":{"start":{"line":15,"column":95},"end":{"line":15,"column":96}},"loc":{"start":{"line":15,"column":113},"end":{"line":15,"column":134}},"line":15},"5":{"name":"clearCardNumber","decl":{"start":{"line":23,"column":16},"end":{"line":23,"column":31}},"loc":{"start":{"line":23,"column":40},"end":{"line":27,"column":1}},"line":23},"6":{"name":"(anonymous_6)","decl":{"start":{"line":25,"column":25},"end":{"line":25,"column":26}},"loc":{"start":{"line":25,"column":38},"end":{"line":25,"column":53}},"line":25}},"branchMap":{"0":{"loc":{"start":{"line":2,"column":4},"end":{"line":21,"column":5}},"type":"if","locations":[{"start":{"line":2,"column":4},"end":{"line":21,"column":5}},{"start":{},"end":{}}],"line":2},"1":{"loc":{"start":{"line":7,"column":12},"end":{"line":11,"column":13}},"type":"if","locations":[{"start":{"line":7,"column":12},"end":{"line":11,"column":13}},{"start":{"line":9,"column":19},"end":{"line":11,"column":13}}],"line":7},"2":{"loc":{"start":{"line":14,"column":57},"end":{"line":14,"column":92}},"type":"cond-expr","locations":[{"start":{"line":14,"column":71},"end":{"line":14,"column":82}},{"start":{"line":14,"column":85},"end":{"line":14,"column":92}}],"line":14},"3":{"loc":{"start":{"line":16,"column":8},"end":{"line":20,"column":9}},"type":"if","locations":[{"start":{"line":16,"column":8},"end":{"line":20,"column":9}},{"start":{"line":18,"column":15},"end":{"line":20,"column":9}}],"line":16}},"s":{"0":1,"1":1,"2":1,"3":1,"4":1,"5":1,"6":16,"7":8,"8":8,"9":1,"10":8,"11":1,"12":8,"13":1,"14":8,"15":8,"16":1,"17":1,"18":0,"19":2,"20":2,"21":38,"22":2},"f":{"0":1,"1":8,"2":8,"3":8,"4":8,"5":2,"6":38},"b":{"0":[1,0],"1":[8,8],"2":[6,2],"3":[1,0]},"_coverageSchema":"1a1c01bbd47fc00a2c39e90264f33305004495a9","hash":"63969d49459eedff0e1e95aeef4f1c7b4eb427b3"}
,"C:\\Users\\User\\Desktop\\Organization-of-testing\\src\\main\\checkCardNumber.js": {"path":"C:\\Users\\User\\Desktop\\Organization-of-testing\\src\\main\\checkCardNumber.js","statementMap":{"0":{"start":{"line":3,"column":15},"end":{"line":3,"column":42}},"1":{"start":{"line":4,"column":4},"end":{"line":18,"column":5}},"2":{"start":{"line":5,"column":8},"end":{"line":5,"column":33}},"3":{"start":{"line":6,"column":8},"end":{"line":6,"column":27}},"4":{"start":{"line":7,"column":11},"end":{"line":18,"column":5}},"5":{"start":{"line":8,"column":8},"end":{"line":8,"column":27}},"6":{"start":{"line":9,"column":8},"end":{"line":9,"column":21}},"7":{"start":{"line":10,"column":11},"end":{"line":18,"column":5}},"8":{"start":{"line":11,"column":8},"end":{"line":11,"column":31}},"9":{"start":{"line":12,"column":8},"end":{"line":12,"column":25}},"10":{"start":{"line":13,"column":11},"end":{"line":18,"column":5}},"11":{"start":{"line":14,"column":8},"end":{"line":14,"column":26}},"12":{"start":{"line":15,"column":8},"end":{"line":15,"column":20}},"13":{"start":{"line":17,"column":8},"end":{"line":17,"column":50}}},"fnMap":{"0":{"name":"cardNumber","decl":{"start":{"line":2,"column":16},"end":{"line":2,"column":26}},"loc":{"start":{"line":2,"column":39},"end":{"line":19,"column":1}},"line":2}},"branchMap":{"0":{"loc":{"start":{"line":4,"column":4},"end":{"line":18,"column":5}},"type":"if","locations":[{"start":{"line":4,"column":4},"end":{"line":18,"column":5}},{"start":{"line":7,"column":11},"end":{"line":18,"column":5}}],"line":4},"1":{"loc":{"start":{"line":7,"column":11},"end":{"line":18,"column":5}},"type":"if","locations":[{"start":{"line":7,"column":11},"end":{"line":18,"column":5}},{"start":{"line":10,"column":11},"end":{"line":18,"column":5}}],"line":7},"2":{"loc":{"start":{"line":10,"column":11},"end":{"line":18,"column":5}},"type":"if","locations":[{"start":{"line":10,"column":11},"end":{"line":18,"column":5}},{"start":{"line":13,"column":11},"end":{"line":18,"column":5}}],"line":10},"3":{"loc":{"start":{"line":13,"column":11},"end":{"line":18,"column":5}},"type":"if","locations":[{"start":{"line":13,"column":11},"end":{"line":18,"column":5}},{"start":{"line":16,"column":11},"end":{"line":18,"column":5}}],"line":13}},"s":{"0":1,"1":1,"2":1,"3":1,"4":0,"5":0,"6":0,"7":0,"8":0,"9":0,"10":0,"11":0,"12":0,"13":0},"f":{"0":1},"b":{"0":[1,0],"1":[0,0],"2":[0,0],"3":[0,0]},"_coverageSchema":"1a1c01bbd47fc00a2c39e90264f33305004495a9","hash":"431f3b40956f928bbcd976da788b9afce09638d7"}
}
