{"C:\\Users\\User\\Desktop\\Organization-of-testing\\src\\main\\algoritmLuna.js": {"path":"C:\\Users\\User\\Desktop\\Organization-of-testing\\src\\main\\algoritmLuna.js","statementMap":{"0":{"start":{"line":2,"column":4},"end":{"line":21,"column":5}},"1":{"start":{"line":3,"column":29},"end":{"line":3,"column":31}},"2":{"start":{"line":4,"column":24},"end":{"line":4,"column":26}},"3":{"start":{"line":5,"column":20},"end":{"line":5,"column":43}},"4":{"start":{"line":6,"column":8},"end":{"line":12,"column":9}},"5":{"start":{"line":6,"column":20},"end":{"line":6,"column":32}},"6":{"start":{"line":7,"column":12},"end":{"line":11,"column":13}},"7":{"start":{"line":8,"column":16},"end":{"line":8,"column":45}},"8":{"start":{"line":10,"column":16},"end":{"line":10,"column":40}},"9":{"start":{"line":13,"column":8},"end":{"line":13,"column":78}},"10":{"start":{"line":13,"column":57},"end":{"line":13,"column":76}},"11":{"start":{"line":14,"column":8},"end":{"line":14,"column":93}},"12":{"start":{"line":14,"column":57},"end":{"line":14,"column":92}},"13":{"start":{"line":15,"column":18},"end":{"line":15,"column":138}},"14":{"start":{"line":15,"column":58},"end":{"line":15,"column":71}},"15":{"start":{"line":15,"column":113},"end":{"line":15,"column":134}},"16":{"start":{"line":16,"column":8},"end":{"line":20,"column":9}},"17":{"start":{"line":17,"column":12},"end":{"line":17,"column":23}},"18":{"start":{"line":19,"column":12},"end":{"line":19,"column":24}},"19":{"start":{"line":23,"column":0},"end":{"line":23,"column":35}},"20":{"start":{"line":25,"column":16},"end":{"line":25,"column":32}},"21":{"start":{"line":26,"column":4},"end":{"line":26,"column":55}},"22":{"start":{"line":26,"column":38},"end":{"line":26,"column":53}},"23":{"start":{"line":27,"column":4},"end":{"line":27,"column":16}}},"fnMap":{"0":{"name":"lun","decl":{"start":{"line":1,"column":16},"end":{"line":1,"column":19}},"loc":{"start":{"line":1,"column":28},"end":{"line":22,"column":1}},"line":1},"1":{"name":"(anonymous_1)","decl":{"start":{"line":13,"column":44},"end":{"line":13,"column":45}},"loc":{"start":{"line":13,"column":57},"end":{"line":13,"column":76}},"line":13},"2":{"name":"(anonymous_2)","decl":{"start":{"line":14,"column":44},"end":{"line":14,"column":45}},"loc":{"start":{"line":14,"column":57},"end":{"line":14,"column":92}},"line":14},"3":{"name":"(anonymous_3)","decl":{"start":{"line":15,"column":40},"end":{"line":15,"column":41}},"loc":{"start":{"line":15,"column":58},"end":{"line":15,"column":71}},"line":15},"4":{"name":"(anonymous_4)","decl":{"start":{"line":15,"column":95},"end":{"line":15,"column":96}},"loc":{"start":{"line":15,"column":113},"end":{"line":15,"column":134}},"line":15},"5":{"name":"clearCardNumber","decl":{"start":{"line":24,"column":16},"end":{"line":24,"column":31}},"loc":{"start":{"line":24,"column":40},"end":{"line":28,"column":1}},"line":24},"6":{"name":"(anonymous_6)","decl":{"start":{"line":26,"column":25},"end":{"line":26,"column":26}},"loc":{"start":{"line":26,"column":38},"end":{"line":26,"column":53}},"line":26}},"branchMap":{"0":{"loc":{"start":{"line":2,"column":4},"end":{"line":21,"column":5}},"type":"if","locations":[{"start":{"line":2,"column":4},"end":{"line":21,"column":5}},{"start":{},"end":{}}],"line":2},"1":{"loc":{"start":{"line":7,"column":12},"end":{"line":11,"column":13}},"type":"if","locations":[{"start":{"line":7,"column":12},"end":{"line":11,"column":13}},{"start":{"line":9,"column":19},"end":{"line":11,"column":13}}],"line":7},"2":{"loc":{"start":{"line":14,"column":57},"end":{"line":14,"column":92}},"type":"cond-expr","locations":[{"start":{"line":14,"column":71},"end":{"line":14,"column":82}},{"start":{"line":14,"column":85},"end":{"line":14,"column":92}}],"line":14},"3":{"loc":{"start":{"line":16,"column":8},"end":{"line":20,"column":9}},"type":"if","locations":[{"start":{"line":16,"column":8},"end":{"line":20,"column":9}},{"start":{"line":18,"column":15},"end":{"line":20,"column":9}}],"line":16}},"s":{"0":2,"1":2,"2":2,"3":2,"4":2,"5":2,"6":0,"7":0,"8":0,"9":2,"10":0,"11":2,"12":0,"13":2,"14":0,"15":0,"16":2,"17":2,"18":0,"19":1,"20":10,"21":10,"22":164,"23":10},"f":{"0":2,"1":0,"2":0,"3":0,"4":0,"5":10,"6":164},"b":{"0":[2,0],"1":[0,0],"2":[0,0],"3":[2,0]},"_coverageSchema":"1a1c01bbd47fc00a2c39e90264f33305004495a9","hash":"3809371e875907dd717683bca921eef4816f1855"}
,"C:\\Users\\User\\Desktop\\Organization-of-testing\\src\\main\\checkCardNumber.js": {"path":"C:\\Users\\User\\Desktop\\Organization-of-testing\\src\\main\\checkCardNumber.js","statementMap":{"0":{"start":{"line":3,"column":15},"end":{"line":3,"column":42}},"1":{"start":{"line":4,"column":21},"end":{"line":4,"column":46}},"2":{"start":{"line":5,"column":22},"end":{"line":5,"column":55}},"3":{"start":{"line":6,"column":23},"end":{"line":6,"column":56}},"4":{"start":{"line":7,"column":4},"end":{"line":33,"column":5}},"5":{"start":{"line":8,"column":8},"end":{"line":8,"column":33}},"6":{"start":{"line":9,"column":8},"end":{"line":9,"column":27}},"7":{"start":{"line":10,"column":11},"end":{"line":33,"column":5}},"8":{"start":{"line":11,"column":8},"end":{"line":11,"column":27}},"9":{"start":{"line":12,"column":8},"end":{"line":12,"column":21}},"10":{"start":{"line":13,"column":11},"end":{"line":33,"column":5}},"11":{"start":{"line":14,"column":8},"end":{"line":14,"column":31}},"12":{"start":{"line":15,"column":8},"end":{"line":15,"column":25}},"13":{"start":{"line":16,"column":11},"end":{"line":33,"column":5}},"14":{"start":{"line":17,"column":8},"end":{"line":17,"column":26}},"15":{"start":{"line":18,"column":8},"end":{"line":18,"column":20}},"16":{"start":{"line":19,"column":11},"end":{"line":33,"column":5}},"17":{"start":{"line":20,"column":8},"end":{"line":20,"column":27}},"18":{"start":{"line":21,"column":8},"end":{"line":21,"column":21}},"19":{"start":{"line":22,"column":11},"end":{"line":33,"column":5}},"20":{"start":{"line":23,"column":8},"end":{"line":23,"column":29}},"21":{"start":{"line":24,"column":8},"end":{"line":24,"column":23}},"22":{"start":{"line":25,"column":11},"end":{"line":33,"column":5}},"23":{"start":{"line":26,"column":8},"end":{"line":26,"column":31}},"24":{"start":{"line":27,"column":8},"end":{"line":27,"column":25}},"25":{"start":{"line":28,"column":11},"end":{"line":33,"column":5}},"26":{"start":{"line":29,"column":8},"end":{"line":29,"column":26}},"27":{"start":{"line":30,"column":8},"end":{"line":30,"column":20}},"28":{"start":{"line":32,"column":8},"end":{"line":32,"column":50}}},"fnMap":{"0":{"name":"cardNumber","decl":{"start":{"line":2,"column":16},"end":{"line":2,"column":26}},"loc":{"start":{"line":2,"column":39},"end":{"line":34,"column":1}},"line":2}},"branchMap":{"0":{"loc":{"start":{"line":7,"column":4},"end":{"line":33,"column":5}},"type":"if","locations":[{"start":{"line":7,"column":4},"end":{"line":33,"column":5}},{"start":{"line":10,"column":11},"end":{"line":33,"column":5}}],"line":7},"1":{"loc":{"start":{"line":10,"column":11},"end":{"line":33,"column":5}},"type":"if","locations":[{"start":{"line":10,"column":11},"end":{"line":33,"column":5}},{"start":{"line":13,"column":11},"end":{"line":33,"column":5}}],"line":10},"2":{"loc":{"start":{"line":13,"column":11},"end":{"line":33,"column":5}},"type":"if","locations":[{"start":{"line":13,"column":11},"end":{"line":33,"column":5}},{"start":{"line":16,"column":11},"end":{"line":33,"column":5}}],"line":13},"3":{"loc":{"start":{"line":13,"column":15},"end":{"line":13,"column":51}},"type":"binary-expr","locations":[{"start":{"line":13,"column":15},"end":{"line":13,"column":31}},{"start":{"line":13,"column":35},"end":{"line":13,"column":51}}],"line":13},"4":{"loc":{"start":{"line":16,"column":11},"end":{"line":33,"column":5}},"type":"if","locations":[{"start":{"line":16,"column":11},"end":{"line":33,"column":5}},{"start":{"line":19,"column":11},"end":{"line":33,"column":5}}],"line":16},"5":{"loc":{"start":{"line":19,"column":11},"end":{"line":33,"column":5}},"type":"if","locations":[{"start":{"line":19,"column":11},"end":{"line":33,"column":5}},{"start":{"line":22,"column":11},"end":{"line":33,"column":5}}],"line":19},"6":{"loc":{"start":{"line":19,"column":15},"end":{"line":19,"column":51}},"type":"binary-expr","locations":[{"start":{"line":19,"column":15},"end":{"line":19,"column":31}},{"start":{"line":19,"column":35},"end":{"line":19,"column":51}}],"line":19},"7":{"loc":{"start":{"line":22,"column":11},"end":{"line":33,"column":5}},"type":"if","locations":[{"start":{"line":22,"column":11},"end":{"line":33,"column":5}},{"start":{"line":25,"column":11},"end":{"line":33,"column":5}}],"line":22},"8":{"loc":{"start":{"line":25,"column":11},"end":{"line":33,"column":5}},"type":"if","locations":[{"start":{"line":25,"column":11},"end":{"line":33,"column":5}},{"start":{"line":28,"column":11},"end":{"line":33,"column":5}}],"line":25},"9":{"loc":{"start":{"line":25,"column":15},"end":{"line":25,"column":141}},"type":"binary-expr","locations":[{"start":{"line":25,"column":15},"end":{"line":25,"column":32}},{"start":{"line":25,"column":36},"end":{"line":25,"column":52}},{"start":{"line":25,"column":57},"end":{"line":25,"column":74}},{"start":{"line":25,"column":78},"end":{"line":25,"column":95}},{"start":{"line":25,"column":101},"end":{"line":25,"column":118}},{"start":{"line":25,"column":122},"end":{"line":25,"column":139}}],"line":25},"10":{"loc":{"start":{"line":28,"column":11},"end":{"line":33,"column":5}},"type":"if","locations":[{"start":{"line":28,"column":11},"end":{"line":33,"column":5}},{"start":{"line":31,"column":11},"end":{"line":33,"column":5}}],"line":28},"11":{"loc":{"start":{"line":28,"column":15},"end":{"line":28,"column":53}},"type":"binary-expr","locations":[{"start":{"line":28,"column":15},"end":{"line":28,"column":32}},{"start":{"line":28,"column":36},"end":{"line":28,"column":53}}],"line":28}},"s":{"0":8,"1":8,"2":8,"3":8,"4":8,"5":1,"6":1,"7":7,"8":1,"9":1,"10":6,"11":1,"12":1,"13":5,"14":1,"15":1,"16":4,"17":1,"18":1,"19":3,"20":1,"21":1,"22":2,"23":1,"24":1,"25":1,"26":1,"27":1,"28":0},"f":{"0":8},"b":{"0":[1,7],"1":[1,6],"2":[1,5],"3":[6,5],"4":[1,4],"5":[1,3],"6":[4,3],"7":[1,2],"8":[1,1],"9":[2,1,1,1,1,0],"10":[1,0],"11":[1,1]},"_coverageSchema":"1a1c01bbd47fc00a2c39e90264f33305004495a9","hash":"e89fafbe295c1b47bd6b08dc6ea35223ed83985d"}
}
