TN:
SF:src\main\algoritmLuna.js
FN:1,lun
FN:13,(anonymous_1)
FN:14,(anonymous_2)
FN:15,(anonymous_3)
FN:15,(anonymous_4)
FN:24,clearCardNumber
FN:26,(anonymous_6)
FNF:7
FNH:3
FNDA:2,lun
FNDA:0,(anonymous_1)
FNDA:0,(anonymous_2)
FNDA:0,(anonymous_3)
FNDA:0,(anonymous_4)
FNDA:10,clearCardNumber
FNDA:164,(anonymous_6)
DA:2,2
DA:3,2
DA:4,2
DA:5,2
DA:6,2
DA:7,0
DA:8,0
DA:10,0
DA:13,2
DA:14,2
DA:15,2
DA:16,2
DA:17,2
DA:19,0
DA:23,1
DA:25,10
DA:26,164
DA:27,10
LF:18
LH:14
BRDA:2,0,0,2
BRDA:2,0,1,0
BRDA:7,1,0,0
BRDA:7,1,1,0
BRDA:14,2,0,0
BRDA:14,2,1,0
BRDA:16,3,0,2
BRDA:16,3,1,0
BRF:8
BRH:2
end_of_record
TN:
SF:src\main\checkCardNumber.js
FN:2,cardNumber
FNF:1
FNH:1
FNDA:8,cardNumber
DA:3,8
DA:4,8
DA:5,8
DA:6,8
DA:7,8
DA:8,1
DA:9,1
DA:10,7
DA:11,1
DA:12,1
DA:13,6
DA:14,1
DA:15,1
DA:16,5
DA:17,1
DA:18,1
DA:19,4
DA:20,1
DA:21,1
DA:22,3
DA:23,1
DA:24,1
DA:25,2
DA:26,1
DA:27,1
DA:28,1
DA:29,1
DA:30,1
DA:32,0
LF:29
LH:28
BRDA:7,0,0,1
BRDA:7,0,1,7
BRDA:10,1,0,1
BRDA:10,1,1,6
BRDA:13,2,0,1
BRDA:13,2,1,5
BRDA:13,3,0,6
BRDA:13,3,1,5
BRDA:16,4,0,1
BRDA:16,4,1,4
BRDA:19,5,0,1
BRDA:19,5,1,3
BRDA:19,6,0,4
BRDA:19,6,1,3
BRDA:22,7,0,1
BRDA:22,7,1,2
BRDA:25,8,0,1
BRDA:25,8,1,1
BRDA:25,9,0,2
BRDA:25,9,1,1
BRDA:25,9,2,1
BRDA:25,9,3,1
BRDA:25,9,4,1
BRDA:25,9,5,0
BRDA:28,10,0,1
BRDA:28,10,1,0
BRDA:28,11,0,1
BRDA:28,11,1,1
BRF:28
BRH:26
end_of_record
