TN:
SF:src\main\algoritmLuna.js
FN:1,lun
FN:13,(anonymous_1)
FN:14,(anonymous_2)
FN:15,(anonymous_3)
FN:15,(anonymous_4)
FN:23,clearCardNumber
FN:25,(anonymous_6)
FNF:7
FNH:7
FNDA:1,lun
FNDA:8,(anonymous_1)
FNDA:8,(anonymous_2)
FNDA:8,(anonymous_3)
FNDA:8,(anonymous_4)
FNDA:2,clearCardNumber
FNDA:38,(anonymous_6)
DA:2,1
DA:3,1
DA:4,1
DA:5,1
DA:6,1
DA:7,16
DA:8,8
DA:10,8
DA:13,8
DA:14,8
DA:15,8
DA:16,1
DA:17,1
DA:19,0
DA:24,2
DA:25,38
DA:26,2
LF:17
LH:16
BRDA:2,0,0,1
BRDA:2,0,1,0
BRDA:7,1,0,8
BRDA:7,1,1,8
BRDA:14,2,0,6
BRDA:14,2,1,2
BRDA:16,3,0,1
BRDA:16,3,1,0
BRF:8
BRH:6
end_of_record
TN:
SF:src\main\checkCardNumber.js
FN:2,cardNumber
FNF:1
FNH:1
FNDA:1,cardNumber
DA:3,1
DA:4,1
DA:5,1
DA:6,1
DA:7,0
DA:8,0
DA:9,0
DA:10,0
DA:11,0
DA:12,0
DA:13,0
DA:14,0
DA:15,0
DA:17,0
LF:14
LH:4
BRDA:4,0,0,1
BRDA:4,0,1,0
BRDA:7,1,0,0
BRDA:7,1,1,0
BRDA:10,2,0,0
BRDA:10,2,1,0
BRDA:13,3,0,0
BRDA:13,3,1,0
BRF:8
BRH:1
end_of_record
